Performing C SOURCE FILE Test CMAKE_HAVE_LIBC_PTHREAD failed with the following output:
Change Dir: /home/dawid/Projects/C_C++/CppFreeCoding/CMakeFiles/CMakeTmp

Run Build Command(s):/usr/bin/make cmTC_e6587/fast && /usr/bin/make -f CMakeFiles/cmTC_e6587.dir/build.make CMakeFiles/cmTC_e6587.dir/build
make[1]: Entering directory '/home/dawid/Projects/C_C++/CppFreeCoding/CMakeFiles/CMakeTmp'
Building C object CMakeFiles/cmTC_e6587.dir/src.c.o
/usr/bin/cc   -DCMAKE_HAVE_LIBC_PTHREAD   -o CMakeFiles/cmTC_e6587.dir/src.c.o   -c /home/dawid/Projects/C_C++/CppFreeCoding/CMakeFiles/CMakeTmp/src.c
Linking C executable cmTC_e6587
/usr/bin/cmake -E cmake_link_script CMakeFiles/cmTC_e6587.dir/link.txt --verbose=1
/usr/bin/cc  -DCMAKE_HAVE_LIBC_PTHREAD    CMakeFiles/cmTC_e6587.dir/src.c.o  -o cmTC_e6587 
/usr/bin/ld: CMakeFiles/cmTC_e6587.dir/src.c.o: in function `main':
src.c:(.text+0x46): undefined reference to `pthread_create'
/usr/bin/ld: src.c:(.text+0x52): undefined reference to `pthread_detach'
/usr/bin/ld: src.c:(.text+0x63): undefined reference to `pthread_join'
collect2: error: ld returned 1 exit status
make[1]: *** [CMakeFiles/cmTC_e6587.dir/build.make:87: cmTC_e6587] Error 1
make[1]: Leaving directory '/home/dawid/Projects/C_C++/CppFreeCoding/CMakeFiles/CMakeTmp'
make: *** [Makefile:121: cmTC_e6587/fast] Error 2


Source file was:
#include <pthread.h>

void* test_func(void* data)
{
  return data;
}

int main(void)
{
  pthread_t thread;
  pthread_create(&thread, NULL, test_func, NULL);
  pthread_detach(thread);
  pthread_join(thread, NULL);
  pthread_atfork(NULL, NULL, NULL);
  pthread_exit(NULL);

  return 0;
}

Determining if the function pthread_create exists in the pthreads failed with the following output:
Change Dir: /home/dawid/Projects/C_C++/CppFreeCoding/CMakeFiles/CMakeTmp

Run Build Command(s):/usr/bin/make cmTC_71fb4/fast && /usr/bin/make -f CMakeFiles/cmTC_71fb4.dir/build.make CMakeFiles/cmTC_71fb4.dir/build
make[1]: Entering directory '/home/dawid/Projects/C_C++/CppFreeCoding/CMakeFiles/CMakeTmp'
Building C object CMakeFiles/cmTC_71fb4.dir/CheckFunctionExists.c.o
/usr/bin/cc   -DCHECK_FUNCTION_EXISTS=pthread_create   -o CMakeFiles/cmTC_71fb4.dir/CheckFunctionExists.c.o   -c /usr/share/cmake-3.16/Modules/CheckFunctionExists.c
Linking C executable cmTC_71fb4
/usr/bin/cmake -E cmake_link_script CMakeFiles/cmTC_71fb4.dir/link.txt --verbose=1
/usr/bin/cc  -DCHECK_FUNCTION_EXISTS=pthread_create    CMakeFiles/cmTC_71fb4.dir/CheckFunctionExists.c.o  -o cmTC_71fb4  -lpthreads 
/usr/bin/ld: cannot find -lpthreads
collect2: error: ld returned 1 exit status
make[1]: *** [CMakeFiles/cmTC_71fb4.dir/build.make:87: cmTC_71fb4] Error 1
make[1]: Leaving directory '/home/dawid/Projects/C_C++/CppFreeCoding/CMakeFiles/CMakeTmp'
make: *** [Makefile:121: cmTC_71fb4/fast] Error 2



Performing C SOURCE FILE Test CMAKE_HAVE_LIBC_PTHREAD failed with the following output:
Change Dir: /home/dawid/Projects/C_C++/CppFreeCoding/CMakeFiles/CMakeTmp

Run Build Command(s):/usr/bin/make cmTC_62f18/fast && /usr/bin/make -f CMakeFiles/cmTC_62f18.dir/build.make CMakeFiles/cmTC_62f18.dir/build
make[1]: Entering directory '/home/dawid/Projects/C_C++/CppFreeCoding/CMakeFiles/CMakeTmp'
Building C object CMakeFiles/cmTC_62f18.dir/src.c.o
/usr/bin/cc   -DCMAKE_HAVE_LIBC_PTHREAD   -o CMakeFiles/cmTC_62f18.dir/src.c.o   -c /home/dawid/Projects/C_C++/CppFreeCoding/CMakeFiles/CMakeTmp/src.c
Linking C executable cmTC_62f18
/usr/bin/cmake -E cmake_link_script CMakeFiles/cmTC_62f18.dir/link.txt --verbose=1
/usr/bin/cc  -DCMAKE_HAVE_LIBC_PTHREAD    CMakeFiles/cmTC_62f18.dir/src.c.o  -o cmTC_62f18 
/usr/bin/ld: CMakeFiles/cmTC_62f18.dir/src.c.o: in function `main':
src.c:(.text+0x46): undefined reference to `pthread_create'
/usr/bin/ld: src.c:(.text+0x52): undefined reference to `pthread_detach'
/usr/bin/ld: src.c:(.text+0x63): undefined reference to `pthread_join'
collect2: error: ld returned 1 exit status
make[1]: *** [CMakeFiles/cmTC_62f18.dir/build.make:87: cmTC_62f18] Error 1
make[1]: Leaving directory '/home/dawid/Projects/C_C++/CppFreeCoding/CMakeFiles/CMakeTmp'
make: *** [Makefile:121: cmTC_62f18/fast] Error 2


Source file was:
#include <pthread.h>

void* test_func(void* data)
{
  return data;
}

int main(void)
{
  pthread_t thread;
  pthread_create(&thread, NULL, test_func, NULL);
  pthread_detach(thread);
  pthread_join(thread, NULL);
  pthread_atfork(NULL, NULL, NULL);
  pthread_exit(NULL);

  return 0;
}

Determining if the function pthread_create exists in the pthreads failed with the following output:
Change Dir: /home/dawid/Projects/C_C++/CppFreeCoding/CMakeFiles/CMakeTmp

Run Build Command(s):/usr/bin/make cmTC_95349/fast && /usr/bin/make -f CMakeFiles/cmTC_95349.dir/build.make CMakeFiles/cmTC_95349.dir/build
make[1]: Entering directory '/home/dawid/Projects/C_C++/CppFreeCoding/CMakeFiles/CMakeTmp'
Building C object CMakeFiles/cmTC_95349.dir/CheckFunctionExists.c.o
/usr/bin/cc   -DCHECK_FUNCTION_EXISTS=pthread_create   -o CMakeFiles/cmTC_95349.dir/CheckFunctionExists.c.o   -c /usr/share/cmake-3.16/Modules/CheckFunctionExists.c
Linking C executable cmTC_95349
/usr/bin/cmake -E cmake_link_script CMakeFiles/cmTC_95349.dir/link.txt --verbose=1
/usr/bin/cc  -DCHECK_FUNCTION_EXISTS=pthread_create    CMakeFiles/cmTC_95349.dir/CheckFunctionExists.c.o  -o cmTC_95349  -lpthreads 
/usr/bin/ld: cannot find -lpthreads
collect2: error: ld returned 1 exit status
make[1]: *** [CMakeFiles/cmTC_95349.dir/build.make:87: cmTC_95349] Error 1
make[1]: Leaving directory '/home/dawid/Projects/C_C++/CppFreeCoding/CMakeFiles/CMakeTmp'
make: *** [Makefile:121: cmTC_95349/fast] Error 2



